Sun Apr 12 14:53:46 2020
1::UPN1::Pervanadate::Training::full::cluster=3 
109.89 50.1400000000003 5409.54999999999 NA NA
Sun Apr 12 15:36:15 2020
2::UPN2::Pervanadate::Training::full::cluster=3 
217.280000000001 106.15 7958.5 NA NA
Sun Apr 12 16:10:31 2020
3::UPN3::Pervanadate::Training::full::cluster=3 
324.93 161.34 10014.03 NA NA
Sun Apr 12 17:30:40 2020
4::UPN6::Pervanadate::Training::full::cluster=3 
434.64 215.71 14823 NA NA
Sun Apr 12 19:05:04 2020
5::UPN7::Pervanadate::Training::full::cluster=3 
544.780000000001 270.45 20487.17 NA NA
Sun Apr 12 20:09:56 2020
6::UPN8::Pervanadate::Training::full::cluster=3 
653.85 325.62 24379.33 NA NA
Sun Apr 12 20:53:17 2020
7::UPN9::Pervanadate::Training::full::cluster=3 
761.820000000001 381.18 26981.11 NA NA
Sun Apr 12 21:39:58 2020
8::UPN11::Pervanadate::Training::full::cluster=3 
870.88 436.95 29781.55 NA NA
Sun Apr 12 22:51:07 2020
9::UPN12::Pervanadate::Training::full::cluster=3 
979.72 492.95 34050.27 NA NA
Sun Apr 12 23:39:00 2020
10::UPN13::Pervanadate::Training::full::cluster=3 
1091.08 546.64 36923.08 NA NA
Mon Apr 13 00:41:59 2020
11::UPN15::Pervanadate::Training::full::cluster=3 
1192.71 596.61 40702.91 NA NA
Mon Apr 13 01:32:07 2020
12::UPN16::Pervanadate::Training::full::cluster=3 
1297.41 647.64 43710.69 NA NA
Mon Apr 13 02:48:54 2020
13::UPN17::Pervanadate::Training::full::cluster=3 
1401.8 698.68 48318.89 NA NA
Mon Apr 13 03:17:27 2020
14::UPN18::Pervanadate::Training::full::cluster=3 
1503.97 750.06 50030.49 NA NA
Mon Apr 13 04:20:20 2020
15::UPN19::Pervanadate::Training::full::cluster=3 
1608.43 802.87 53805.3 NA NA
Mon Apr 13 04:50:01 2020
16::UPN21::Pervanadate::Training::full::cluster=3 
1709.99 855.17 55584.05 NA NA
Mon Apr 13 05:41:15 2020
17::UPN23::Pervanadate::Training::full::cluster=3 
1817.88 906.87 58658.7 NA NA
Mon Apr 13 06:30:00 2020
18::UPN24::Pervanadate::Training::full::cluster=3 
1925.11 960.21 61584.63 NA NA
Mon Apr 13 07:32:30 2020
19::UPN25::Pervanadate::Training::full::cluster=3 
2026.94 1012.25 65334.78 NA NA
Mon Apr 13 08:11:23 2020
20::UPN26::Pervanadate::Training::full::cluster=3 
2132.96 1066.36 67667.56 NA NA
Mon Apr 13 09:21:31 2020
21::UPN27::Pervanadate::Training::full::cluster=3 
2242.08 1119.57 71874.72 NA NA
Mon Apr 13 09:55:46 2020
22::UPN28::Pervanadate::Training::full::cluster=3 
2346.8 1171.65 73929.66 NA NA
Mon Apr 13 10:56:18 2020
23::UPN29::Pervanadate::Training::full::cluster=3 
2453.41 1223.54 77562.74 NA NA
Mon Apr 13 11:42:05 2020
24::UPN31::Pervanadate::Training::full::cluster=3 
2558.33 1277.18 80308.36 NA NA
Mon Apr 13 12:13:15 2020
25::UPN47::Pervanadate::Training::full::cluster=3 
2663.03 1331.39 82178.89 NA NA
Mon Apr 13 12:51:43 2020
26::UPN48::Pervanadate::Training::full::cluster=3 
2768.5 1388.64 84486.8 NA NA
Mon Apr 13 13:37:04 2020
27::UPN49::Pervanadate::Training::full::cluster=3 
2875.27 1441.98 87207.38 NA NA
Mon Apr 13 14:25:55 2020
28::UPN50::Pervanadate::Training::full::cluster=3 
2980.72 1495.2 90138.81 NA NA
Mon Apr 13 15:01:57 2020
29::UPN52::Pervanadate::Training::full::cluster=3 
3084.14 1548.2 92300.72 NA NA
Mon Apr 13 15:54:52 2020
30::UPN53::Pervanadate::Training::full::cluster=3 
3190.83 1601.68 95475.22 NA NA
Mon Apr 13 16:52:59 2020
31::UPN54::Pervanadate::Training::full::cluster=3 
3300.57 1655.01 98964.25 NA NA
Mon Apr 13 17:38:00 2020
32::UPN55::Pervanadate::Training::full::cluster=3 
3402.55 1708.34 101663.3 NA NA
Mon Apr 13 18:04:50 2020
33::UPN56::Pervanadate::Training::full::cluster=3 
3504.6 1761.96 103274.53 NA NA
Mon Apr 13 18:36:34 2020
34::UPN58::Pervanadate::Training::full::cluster=3 
3656.14 1816.31 105177.8 NA NA
Done. D:/drfz/Good2018/Rdata/Pervanadate/Pervanadate_Training_full_quadrant_absRange_cof0.2.rds saved!